-0.00625
-0.00625
-0.00625
-0.00625
-0.06874999999999999
-0.0475
-0.049999999999999996
-0.0443181818181818
-0.0357142857142857
-0.025735294117647065
-0.014999999999999986
-0.0038043478260869484
0.007692307692307693
0.019396551724137928
0.03125
0.04321428571428573
0.055263157894736875
0.06737804878048781
0.07954545454545457
0.09175531914893617
0.10400000000000001
0.11627358490566041
0.12857142857142856
0.1408898305084746
0.1532258064516129
0.16557692307692307
0.17794117647058827
0.19031690140845076
0.20270270270270274
0.20270270270270274
0.20756578947368423
0.21250000000000002
0.2200158227848102
0.2200158227848102
0.20895813047711786
0.193803136217646
0.1836187639612808
0.1777364110201043
0.18235294117647066
0.17647058823529416
0.1705882352941177
0.1647058823529412
0.15882352941176475
0.15294117647058825
0.1470588235294118
0.1411764705882353
0.13529411764705884
0.12941176470588234
0.1235294117647059
0.11764705882352942
0.11764705882352942
0.11176470588235297
0.10588235294117647
0.11764705882352942
0.1247058823529412
0.1364304812834225
0.1481577246283129
0.15988735919899877
0.17161916312916925
0.18335294117647064
0.19508852084523132
0.2068257491675916
0.21856449001618994
0.2303046218487395
0.20840462184873948
0.1865046218487395
0.1646046218487395
0.17136402915148363
0.17136402915148363
0.16548167621030713
0.15959932326913068
0.13769932326913067
0.13181697032795417
0.12593461738677772
0.12005226444560127
0.11416991150442482
0.10828755856324832
0.15533043478260872
0.14953333333333335
0.19245214879017697
0.17910080786793114
0.17362135581313665
0.16112820512820514
0.14928404928404929
0.13803959753326844
0.12735042735042737
0.12241215574548908
0.11747388414055082
0.11253561253561253
0.1075973409306743
0.10840133919229968
0.10840133919229968
0.10919182487809942
0.1042535532731611
0.09931528166822284
0.09437701006328458
0.0894387384583463
0.09515432098765433
0.09021604938271605
0.0959187837975717
0.10160898603521555
0.10728696175850645
0.1129530067702111
0.11860740740740741
0.12425044091710759
0.12988237581413437
0.13550347222222225
0.14111398219925353
0.1467141500474834
0.15230421260955612
0.15788439955106626
0.16345493363037222
0.1690160309563295
0.17456790123456792
0.18011074800290489
0.1856447688564477
0.19117015566290932
0.1966870947686295
0.2021957671957672
0.2076963488311006
0.21318901060685097
0.21867391867391867
0.22415123456790126
0.2296211153682418
0.23508371385083715
0.23508371385083715
0.2227677834626176
0.2179485063541839
0.21312922924575012
0.2083099521373164
0.20349067502888268
0.1986713979204489
0.1991885910990902
0.1943693139906565
0.18955003688222277
0.19487951807228915
0.20020215088542087
0.20551807228915664
0.21082741562275592
0.2161303107165504
0.22142688400661473
0.2267172586449695
0.2320015546055189
0.2372798887859129
0.24255237510551764
0.24781912459966454
0.2530802455103433
0.25833584337349397
0.2635860211030458
0.268830879071843
0.27407051518959274
0.27930502497796067
0.28453450164293537
0.2897590361445783
0.2949787172642667
0.3001936316695353
0.30540386397661656
0.31060949681077255
0.3158106108645107
0.32100728495376857
0.32619959607214993
0.3313876194432904
0.3365714285714286
0.34175109529025194
0.34692668981008784
0.35209828076350347
0.3572659352493774
0.36242971887550207
0.3675896957997737
0.3456896957997737
0.3237896957997737
0.3018896957997737
0.27998969579977373
0.27517041869133996
0.2703511415829062
0.2484511415829062
0.22655114158290623
0.20465114158290623
0.20980737455315773
0.20498809744472396
0.20016882033629024
0.32539274092615766
0.36456745311554756
0.35056771141336496
0.3371833429728167
0.32437464629315227
0.3121052631578948
0.3003418339663593
0.28905369484316856
0.2782126107347577
0.27425221469515376
0.2639090444557997
0.26002554931016864
0.2561420541645376
0.25225855901890654
0.24837506387327546
0.2525644284044122
0.2486809332587811
0.24479743811315002
0.2489836165048544
0.2531666582826098
0.2573466119507557
0.26152352501867066
0.26569744402615414
0.2698684145680351
0.2740364813180347
0.2782016880519101
0.2823640776699029
0.28652369221851903
0.2906805729116601
0.2948347601511311
0.2989862935465449
0.30313521193464366
0.3072815533980583
0.3033980582524272
0.3033980582524272
0.29951456310679614
0.2997748698466301
0.295891374700999
0.29614917849141154
0.28568223443223445
0.27560657800143784
0.265900670430487
0.2622309456598448
0.2585612208892026
0.2548914961185604
0.2512217713479182
0.24755204657727595
0.24388232180663375
0.24413765857512842
0.24046793380448622
0.23679820903384402
0.23312848426320182
0.22945875949255962
0.22578903472191741
0.2221193099512752
0.218449585180633
0.2147798604099908
0.2111101356393486
0.2074404108687064
0.2037706860980642
0.2076933158584535
0.2076933158584535
0.2040235910878113
0.2003538663171691
0.19668414154652689
0.19301441677588468
0.18934469200524248
0.18567496723460028
0.18200524246395808
0.18200524246395808
0.18200524246395808
0.18200524246395808
0.18200524246395808
0.18200524246395808
0.18200524246395808
0.18200524246395808
0.18200524246395808
0.18200524246395808
0.18200524246395808
0.18200524246395808
0.18200524246395808
0.18200524246395808
0.18200524246395808
0.18200524246395808
0.18200524246395808
0.18200524246395808
0.18200524246395808
0.18200524246395808
0.18200524246395808
0.18200524246395808
0.18200524246395808
0.18200524246395808
0.18200524246395808
0.18200524246395808
0.18200524246395808
0.18200524246395808
0.18200524246395808
0.18200524246395808
0.18200524246395808
0.18200524246395808
0.18200524246395808
-0.00625
-0.00625
-0.00625
-0.06874999999999999
-0.0669642857142857
-0.05875
-0.04855769230769231
-0.0357142857142857
-0.025735294117647065
-0.014999999999999986
-0.0038043478260869484
0.007692307692307693
0.019396551724137928
0.03125
0.04321428571428573
0.055263157894736875
0.06737804878048781
0.07954545454545457
0.09175531914893617
0.10400000000000001
0.11627358490566041
0.12857142857142856
0.1408898305084746
0.1532258064516129
0.16557692307692307
0.17794117647058827
0.19031690140845076
0.20270270270270274
0.20270270270270274
0.20270270270270274
0.20270270270270274
0.19193347193347193
0.1773295683743445
0.1713594191206132
0.1726567164179105
0.16282352941176473
0.15694117647058822
0.15105882352941177
0.1451764705882353
0.13929411764705885
0.13341176470588234
0.1275294117647059
0.12164705882352941
0.11576470588235296
0.10988235294117646
0.10988235294117646
0.11114551083591331
0.10526315789473686
0.11682799702159347
0.12389705882352942
0.1309368191721133
0.137948350071736
0.14493267186392633
0.15189075630252102
0.1588235294117647
0.16573187414500684
0.1726166328600406
0.17947860962566844
0.1863185723727694
0.19313725490196082
0.19993535875888824
0.20671355498721233
0.21347248576850097
0.21347248576850097
0.20759013282732452
0.21433041301627037
0.20844806007509392
0.20256570713391747
0.20928792569659446
0.203405572755418
0.1975232198142415
0.19164086687306506
0.18192219679633867
0.16893995552260935
0.16330615270570795
0.15118961788031723
0.13971929824561405
0.13438596491228072
0.1290526315789474
0.12371929824561406
0.11838596491228073
0.11305263157894738
0.10771929824561405
0.10238596491228072
0.09705263157894739
0.09171929824561406
0.0863859649122807
0.0810526315789474
0.07571929824561405
0.08187500000000003
0.07654166666666667
0.07120833333333335
0.0773470790378007
0.08346938775510207
0.08957575757575757
0.09566666666666669
0.10174257425742576
0.10780392156862748
0.11385113268608416
0.1198846153846154
0.12590476190476194
0.1319119496855346
0.13790654205607478
0.1438888888888889
0.1498593272171254
0.15581818181818186
0.1617657657657658
0.167702380952381
0.1736283185840708
0.17954385964912278
0.18544927536231887
0.1913448275862069
0.19723076923076927
0.20310734463276836
0.2089747899159664
0.21483333333333338
0.2206831955922865
0.2265245901639344
0.23235772357723578
0.23235772357723578
0.23818279569892475
0.2289898132427844
0.22372665534804753
0.21846349745331067
0.21320033955857387
0.207937181663837
0.2026740237691002
0.19741086587436335
0.1921477079796265
0.18688455008488966
0.1816213921901528
0.17635823429541594
0.17109507640067914
0.16583191850594228
0.16056876061120545
0.16631578947368422
0.1610526315789474
0.1667919799498747
0.17252382925818485
0.17824835526315788
0.18396572827417382
0.18967611336032392
0.19537967055042188
0.20107655502392346
0.20676691729323313
0.2124509033778476
0.21812865497076026
0.2238003095975232
0.22946600076834422
0.23512585812356981
0.24078000757288903
0.24642857142857147
0.25207166853303475
0.257709414381023
0.2633419212366581
0.2689692982456141
0.27459165154264975
0.28020908435472247
0.2858216970998926
0.2914295874822191
0.29703285058283296
0.3026315789473684
0.3082258626699198
0.3138157894736842
0.31940144478844174
0.32498291182501715
0.3305602716468591
0.33613360323886643
0.3417029835735837
0.3472684876748834
0.3528301886792453
0.3583881578947368
0.36394246485779674
0.36949317738791426
0.375040361640297
0.3697772037455602
0.3645140458508234
0.3647946084724006
0.3703349282296651
0.3758719086873811
0.3814056098329657
0.3869360902255639
0.39246340703830584
0.39798761609907124
0.4035087719298246
0.4090269277845777
0.38712692778457775
0.38186376988984094
0.3766006119951041
0.3874166296131614
0.37164739884393067
0.35664739884393065
0.34236168455821636
0.3287404220997446
0.31573830793483976
0.3072091965967397
0.30271481457426774
0.2982204325517958
0.2937260505293239
0.289231668506852
0.28473728648438007
0.2802429044619082
0.27574852243943626
0.2712541404169644
0.2759976753196436
0.27624398073836276
0.2809818692543412
0.2764874872318693
0.2719931052093974
0.26749872318692547
0.26300434116445354
0.2585099591419816
0.25401557711950973
0.2495211950970378
0.24502681307456592
0.240532431052094
0.2360380490296221
0.24077318605979814
0.23627880403732626
0.2410112359550562
0.24574100809742017
0.25046816479400746
0.2551927493947483
0.25991480429682673
0.26463437097071285
0.2693514899853444
0.27406620103249324
0.2787785429503443
0.2787785429503443
0.27428416092787244
0.2789941717238479
0.274499789701376
0.2700054076789041
0.26551102565643214
0.2610166436339602
0.2612299784843414
0.2567355964618695
0.25224121443939757
0.2477468324169257
0.24325245039445376
0.2479579097556626
0.24346352773319066
0.24209343583678297
0.24680275310312375
0.24545294943820228
0.2501659195435757
0.2501659195435757
0.2501659195435757
-0.00625
-0.00625
-0.09999999999999999
-0.11374999999999999
-0.11607142857142856
-0.095
-0.07788461538461539
-0.062499999999999986
-0.04802631578947368
-0.034090909090909075
-0.02049999999999999
-0.007142857142857131
0.006048387096774188
0.01911764705882353
0.0320945945945946
0.045000000000000026
0.05381097560975609
0.06647727272727275
0.07912234042553194
0.09175
0.10436320754716984
0.11696428571428572
0.12955508474576272
0.1375
0.15000000000000002
0.16250000000000003
0.17500000000000004
0.18750000000000006
0.19511986301369866
0.20756578947368423
0.2200158227848102
0.2200158227848102
0.2200158227848102
0.2200158227848102
0.20895813047711786
0.193803136217646
0.17952669235002755
0.17372959090075218
0.16793248945147682
0.16916666666666666
0.17616747181964576
0.1703703703703704
0.16457326892109503
0.15877616747181966
0.1529790660225443
0.147181964573269
0.14138486312399356
0.13558776167471825
0.12979066022544283
0.12399355877616751
0.11819645732689214
0.11239935587761678
0.11937080240367623
0.12631395145800595
0.13322981366459627
0.14011935208866158
0.14698348500168523
0.15382308845577214
0.16063899868247694
0.16743201432991367
0.17420289855072463
0.18095238095238098
0.18768115942028984
0.19438990182328192
0.20107924761023743
0.2077498093058734
0.2144021739130435
0.2144021739130435
0.20860507246376814
0.21523980277902288
0.20944270132974752
0.20364559988047215
0.21026323572907424
0.20040816326530608
0.1946938775510204
0.18151927437641724
0.17596371882086165
0.1704081632653061
0.15824600110314396
0.1497414965986395
0.14440816326530614
0.1390748299319728
0.1337414965986395
0.12840816326530613
0.12307482993197282
0.11774149659863949
0.11240816326530613
0.1070748299319728
0.10174149659863947
0.09640816326530614
0.09107482993197281
0.08574149659863946
0.08040816326530616
0.0750748299319728
0.06974149659863947
0.07054545454545455
0.07666666666666667
0.0827722772277228
0.08886274509803922
0.09493851132686086
0.10100000000000002
0.10704761904761906
0.11308176100628932
0.11910280373831776
0.12511111111111115
0.13110703363914375
0.1370909090909091
0.1430630630630631
0.14902380952380953
0.15497345132743368
0.16091228070175442
0.16684057971014496
0.17275862068965517
0.17866666666666664
0.18456497175141245
0.19045378151260506
0.19633333333333336
0.2022038567493113
0.20806557377049184
0.2139186991869919
0.21976344086021507
0.22559999999999997
0.23142857142857143
0.23142857142857143
0.237249343832021
0.22429696287964007
0.21550575408843126
0.21037754896022615
0.20524934383202098
0.20012113870381587
0.19499293357561076
0.1898647284474056
0.18473652331920049
0.17960831819099538
0.17448011306279027
0.1693519079345851
0.16422370280638
0.15909549767817488
0.15396729254996971
0.1488390874217646
0.1544471153846154
0.14931891025641028
0.14419070512820512
0.14979129397734053
0.1553846153846154
0.1609708357799961
0.16655011655011656
0.1721226142278774
0.17768848067355533
0.18324786324786324
0.1888009049773756
0.19434774471270821
0.19988851727982165
0.2054233536247925
0.21095238095238095
0.21647572285870162
0.2219934994582882
0.22750582750582757
0.23301282051282055
0.23851458885941645
0.24401123990165086
0.24950287807430668
0.254989604989605
0.2604715195319222
0.26594871794871794
0.27142129393785025
0.276889338731444
0.28235294117647064
0.2878121878121878
0.2932671629445823
0.29871794871794877
0.3041646251837335
0.3096072703667641
0.31504596032897925
0.32048076923076924
0.32591176939003025
0.3313390313390313
0.3367626238791883
0.34218261413383366
0.34759906759906767
0.3530120481927711
0.3584216183018578
0.3638278388278388
0.3692307692307693
0.3746304675716441
0.3800269905533064
0.38542039355992846
0.3908107306951238
0.39619805481874454
0.4015824175824176
0.4069638694638695
0.4123424598000869
0.4177182368193604
0.4230912476722533
0.4179630425440481
0.412834837415843
0.4182051282051282
0.4016666666666667
0.38593495934959354
0.37095238095238103
0.3566666666666667
0.3430303030303031
0.33
0.32150183150183154
0.31710622710622716
0.3127106227106227
0.30831501831501834
0.30391941391941396
0.30391941391941396
0.308554428996418
0.3131868131868132
0.3087912087912088
0.3043956043956044
0.3
0.2956043956043956
0.29120879120879123
0.2868131868131868
0.2824175824175824
0.27802197802197803
0.2736263736263736
0.2692307692307692
0.26483516483516484
0.26043956043956046
0.256043956043956
0.2606737524770312
0.2562781480814268
0.26090539894887727
0.26553014553014553
0.27015242821694435
0.26575682382133997
0.27037668214138805
0.27037668214138805
0.26598107774578367
0.2615854733501793
0.25718986895457485
0.25279426455897047
0.24839866016336606
0.24400305576776168
0.2396074513721573
0.2398293196165537
0.24308270676691734
0.24770151314653935
0.24635989010989012
0.2509821784433184
0.2509821784433184
0.24966013368075224
0.2542857142857143
0.2542857142857143
-0.00625
